{"/home/d1360/consecutive_string/consecutiveString.js": {"path":"/home/d1360/consecutive_string/consecutiveString.js","all":false,"statementMap":{"0":{"start":{"line":1,"column":0},"end":{"line":1,"column":35}},"1":{"start":{"line":2,"column":0},"end":{"line":2,"column":19}},"2":{"start":{"line":3,"column":0},"end":{"line":3,"column":20}},"3":{"start":{"line":4,"column":0},"end":{"line":4,"column":18}},"4":{"start":{"line":5,"column":0},"end":{"line":5,"column":59}},"5":{"start":{"line":6,"column":0},"end":{"line":6,"column":14}},"6":{"start":{"line":7,"column":0},"end":{"line":7,"column":3}},"7":{"start":{"line":8,"column":0},"end":{"line":8,"column":0}},"8":{"start":{"line":9,"column":0},"end":{"line":9,"column":16}},"9":{"start":{"line":10,"column":0},"end":{"line":10,"column":45}},"10":{"start":{"line":11,"column":0},"end":{"line":11,"column":44}},"11":{"start":{"line":12,"column":0},"end":{"line":12,"column":6}},"12":{"start":{"line":13,"column":0},"end":{"line":13,"column":18}},"13":{"start":{"line":14,"column":0},"end":{"line":14,"column":3}},"14":{"start":{"line":15,"column":0},"end":{"line":15,"column":0}},"15":{"start":{"line":16,"column":0},"end":{"line":16,"column":48}},"16":{"start":{"line":17,"column":0},"end":{"line":17,"column":24}},"17":{"start":{"line":18,"column":0},"end":{"line":18,"column":37}},"18":{"start":{"line":19,"column":0},"end":{"line":19,"column":35}},"19":{"start":{"line":20,"column":0},"end":{"line":20,"column":39}},"20":{"start":{"line":21,"column":0},"end":{"line":21,"column":35}},"21":{"start":{"line":22,"column":0},"end":{"line":22,"column":25}},"22":{"start":{"line":23,"column":0},"end":{"line":23,"column":7}},"23":{"start":{"line":24,"column":0},"end":{"line":24,"column":5}},"24":{"start":{"line":25,"column":0},"end":{"line":25,"column":3}},"25":{"start":{"line":26,"column":0},"end":{"line":26,"column":16}},"26":{"start":{"line":27,"column":0},"end":{"line":27,"column":1}},"27":{"start":{"line":28,"column":0},"end":{"line":28,"column":0}},"28":{"start":{"line":29,"column":0},"end":{"line":29,"column":31}}},"s":{"0":8,"1":8,"2":8,"3":8,"4":8,"5":3,"6":3,"7":5,"8":8,"9":3,"10":3,"11":3,"12":3,"13":3,"14":2,"15":8,"16":9,"17":9,"18":13,"19":13,"20":6,"21":6,"22":6,"23":13,"24":9,"25":2,"26":2,"27":1,"28":1},"branchMap":{"0":{"type":"branch","line":1,"loc":{"start":{"line":1,"column":0},"end":{"line":27,"column":1}},"locations":[{"start":{"line":1,"column":0},"end":{"line":27,"column":1}}]},"1":{"type":"branch","line":5,"loc":{"start":{"line":5,"column":6},"end":{"line":5,"column":50}},"locations":[{"start":{"line":5,"column":6},"end":{"line":5,"column":50}}]},"2":{"type":"branch","line":5,"loc":{"start":{"line":5,"column":6},"end":{"line":5,"column":58}},"locations":[{"start":{"line":5,"column":6},"end":{"line":5,"column":58}}]},"3":{"type":"branch","line":5,"loc":{"start":{"line":5,"column":58},"end":{"line":7,"column":3}},"locations":[{"start":{"line":5,"column":58},"end":{"line":7,"column":3}}]},"4":{"type":"branch","line":8,"loc":{"start":{"line":8,"column":-1},"end":{"line":9,"column":6}},"locations":[{"start":{"line":8,"column":-1},"end":{"line":9,"column":6}}]},"5":{"type":"branch","line":9,"loc":{"start":{"line":9,"column":15},"end":{"line":14,"column":3}},"locations":[{"start":{"line":9,"column":15},"end":{"line":14,"column":3}}]},"6":{"type":"branch","line":15,"loc":{"start":{"line":15,"column":-1},"end":{"line":16,"column":7}},"locations":[{"start":{"line":15,"column":-1},"end":{"line":16,"column":7}}]},"7":{"type":"branch","line":16,"loc":{"start":{"line":16,"column":47},"end":{"line":25,"column":3}},"locations":[{"start":{"line":16,"column":47},"end":{"line":25,"column":3}}]},"8":{"type":"branch","line":18,"loc":{"start":{"line":18,"column":36},"end":{"line":24,"column":5}},"locations":[{"start":{"line":18,"column":36},"end":{"line":24,"column":5}}]},"9":{"type":"branch","line":20,"loc":{"start":{"line":20,"column":38},"end":{"line":23,"column":7}},"locations":[{"start":{"line":20,"column":38},"end":{"line":23,"column":7}}]},"10":{"type":"branch","line":26,"loc":{"start":{"line":26,"column":-1},"end":{"line":27,"column":1}},"locations":[{"start":{"line":26,"column":-1},"end":{"line":27,"column":1}}]},"11":{"type":"branch","line":10,"loc":{"start":{"line":10,"column":31},"end":{"line":11,"column":44}},"locations":[{"start":{"line":10,"column":31},"end":{"line":11,"column":44}}]},"12":{"type":"branch","line":11,"loc":{"start":{"line":11,"column":6},"end":{"line":11,"column":40}},"locations":[{"start":{"line":11,"column":6},"end":{"line":11,"column":40}}]},"13":{"type":"branch","line":11,"loc":{"start":{"line":11,"column":6},"end":{"line":11,"column":44}},"locations":[{"start":{"line":11,"column":6},"end":{"line":11,"column":44}}]}},"b":{"0":[8],"1":[7],"2":[6],"3":[3],"4":[5],"5":[3],"6":[2],"7":[9],"8":[13],"9":[6],"10":[2],"11":[3],"12":[2],"13":[1]},"fnMap":{"0":{"name":"longestConsec","decl":{"start":{"line":1,"column":0},"end":{"line":27,"column":1}},"loc":{"start":{"line":1,"column":0},"end":{"line":27,"column":1}},"line":1}},"f":{"0":8}}
}
