TN:
SF:consecutiveString.js
FN:1,longestConsec
FNF:1
FNH:1
FNDA:8,longestConsec
DA:1,8
DA:2,8
DA:3,8
DA:4,8
DA:5,8
DA:6,3
DA:7,3
DA:8,5
DA:9,8
DA:10,3
DA:11,3
DA:12,3
DA:13,3
DA:14,3
DA:15,2
DA:16,8
DA:17,9
DA:18,9
DA:19,13
DA:20,13
DA:21,6
DA:22,6
DA:23,6
DA:24,13
DA:25,9
DA:26,2
DA:27,2
DA:28,1
DA:29,1
LF:29
LH:29
BRDA:1,0,0,8
BRDA:5,1,0,7
BRDA:5,2,0,6
BRDA:5,3,0,3
BRDA:8,4,0,5
BRDA:9,5,0,3
BRDA:15,6,0,2
BRDA:16,7,0,9
BRDA:18,8,0,13
BRDA:20,9,0,6
BRDA:26,10,0,2
BRDA:10,11,0,3
BRDA:11,12,0,2
BRDA:11,13,0,1
BRF:14
BRH:14
end_of_record
